<html xmlns:stringutils="xalan://org.apache.tools.ant.util.StringUtils" xmlns:lxslt="http://xml.apache.org/xslt">
<head>
<META http-equiv="Content-Type" content="text/html; charset=US-ASCII">
<title>Unit Test Results: processotap.ProcessoTests</title>
<link title="Style" type="text/css" rel="stylesheet" href="../stylesheet.css">
<script language="JavaScript" type="text/javascript">
        var TestCases = new Array();
        var cur;
        
    cur = TestCases['processotap.ProcessoTests'] = new Array();
    </script><script language="JavaScript" type="text/javascript">
        function displayProperties (name) {
          var win = window.open('','JUnitSystemProperties','scrollbars=1,resizable=1');
          var doc = win.document;
          doc.open();
          doc.write("<html><head><title>Properties of " + name + "</title>");
          doc.write("<style type=\"text/css\">");
          doc.write("body {font:normal 68% verdana,arial,helvetica; color:#000000; }");
          doc.write("table tr td, table tr th { font-size: 68%; }");
          doc.write("table.properties { border-collapse:collapse; border-left:solid 1 #cccccc; border-top:solid 1 #cccccc; padding:5px; }");
          doc.write("table.properties th { text-align:left; border-right:solid 1 #cccccc; border-bottom:solid 1 #cccccc; background-color:#eeeeee; }");
          doc.write("table.properties td { font:normal; text-align:left; border-right:solid 1 #cccccc; border-bottom:solid 1 #cccccc; background-color:#fffffff; }");
          doc.write("h3 { margin-bottom: 0.5em; font: bold 115% verdana,arial,helvetica }");
          doc.write("</style>");
          doc.write("</head><body>");
          doc.write("<h3>Properties of " + name + "</h3>");
          doc.write("<div align=\"right\"><a href=\"javascript:window.close();\">Close</a></div>");
          doc.write("<table class='properties'>");
          doc.write("<tr><th>Name</th><th>Value</th></tr>");
          for (prop in TestCases[name]) {
            doc.write("<tr><th>" + prop + "</th><td>" + TestCases[name][prop] + "</td></tr>");
          }
          doc.write("</table>");
          doc.write("</body></html>");
          doc.close();
          win.focus();
        }
      
      </script>
</head>
<body>
<h1>Unit Test Results.</h1>
<table width="100%">
<tr>
<td align="left"></td><td align="right">Designed for use with <a href="http://www.junit.org/">JUnit</a> and <a href="http://ant.apache.org/">Ant</a>.</td>
</tr>
</table>
<hr size="1">
<h3>Class processotap.ProcessoTests</h3>
<table width="95%" cellspacing="2" cellpadding="5" border="0" class="details">
<tr valign="top">
<th width="80%">Name</th><th>Tests</th><th>Errors</th><th>Failures</th><th nowrap>Time(s)</th><th nowrap>Time Stamp</th><th>Host</th>
</tr>
<tr valign="top" class="Failure">
<td><a href="0_ProcessoTests.html" title="Display all tests">ProcessoTests</a></td><td><a href="0_ProcessoTests.html" title="Display all tests">9</a></td><td>0</td><td><a href="0_ProcessoTests-fails.html" title="Display only failures">6</a></td><td>3.794</td><td>2011-12-10T04:08:42</td><td>JotaB-PC</td>
</tr>
</table>
<h2>Failures</h2>
<table width="95%" cellspacing="2" cellpadding="5" border="0" class="details">
<tr valign="top">
<th>Name</th><th>Status</th><th width="80%">Type</th><th nowrap>Time(s)</th>
</tr>
<tr valign="top" class="Failure">
<td><a name="testProcessoCriacao"></a>testProcessoCriacao</td><td>Failure</td><td>functionaltestplugin.FunctionalTestException: Expected HTTP status [201] but was [500]<pre>junit.framework.AssertionFailedError: functionaltestplugin.FunctionalTestException: Expected HTTP status [201] but was [500]
	at functionaltestplugin.FunctionalTestCase.invokeMethod(FunctionalTestCase.groovy:196)
	at processotap.ProcessoTests.testProcessoCriacao(ProcessoTests.groovy:20)
</pre>
</td><td>2.762</td>
</tr>
<tr valign="top" class="Failure">
<td><a name="testAfterPostGet"></a>testAfterPostGet</td><td>Failure</td><td>functionaltestplugin.FunctionalTestException: null expected:&lt;[[{"class":"processotap.documento","id":1,"nome":"designpatterns"},{"class":"processotap.documento","id":2,"nome":"georgenes"}]]&gt; but was:&lt;[[]]&gt;<pre>junit.framework.AssertionFailedError: functionaltestplugin.FunctionalTestException: null expected:&lt;[[{"class":"processotap.documento","id":1,"nome":"designpatterns"},{"class":"processotap.documento","id":2,"nome":"georgenes"}]]&gt; but was:&lt;[[]]&gt;
	at functionaltestplugin.FunctionalTestCase.invokeMethod(FunctionalTestCase.groovy:196)
	at processotap.ProcessoTests.testAfterPostGet(ProcessoTests.groovy:55)
</pre>
</td><td>0.050</td>
</tr>
<tr valign="top" class="Failure">
<td><a name="testAlteracao"></a>testAlteracao</td><td>Failure</td><td>functionaltestplugin.FunctionalTestException: Expected HTTP status [200] but was [500]<pre>junit.framework.AssertionFailedError: functionaltestplugin.FunctionalTestException: Expected HTTP status [200] but was [500]
	at functionaltestplugin.FunctionalTestCase.invokeMethod(FunctionalTestCase.groovy:196)
	at processotap.ProcessoTests.testAlteracao(ProcessoTests.groovy:79)
</pre>
</td><td>0.070</td>
</tr>
<tr valign="top" class="Failure">
<td><a name="test2Criacao"></a>test2Criacao</td><td>Failure</td><td>functionaltestplugin.FunctionalTestException: Expected HTTP status [201] but was [500]<pre>junit.framework.AssertionFailedError: functionaltestplugin.FunctionalTestException: Expected HTTP status [201] but was [500]
	at functionaltestplugin.FunctionalTestCase.invokeMethod(FunctionalTestCase.groovy:196)
	at processotap.ProcessoTests.test2Criacao(ProcessoTests.groovy:47)
</pre>
</td><td>0.116</td>
</tr>
<tr valign="top" class="Failure">
<td><a name="testCriacao"></a>testCriacao</td><td>Failure</td><td>functionaltestplugin.FunctionalTestException: Expected HTTP status [201] but was [500]<pre>junit.framework.AssertionFailedError: functionaltestplugin.FunctionalTestException: Expected HTTP status [201] but was [500]
	at functionaltestplugin.FunctionalTestCase.invokeMethod(FunctionalTestCase.groovy:196)
	at processotap.ProcessoTests.testCriacao(ProcessoTests.groovy:37)
</pre>
</td><td>0.055</td>
</tr>
<tr valign="top" class="Failure">
<td><a name="testRemove"></a>testRemove</td><td>Failure</td><td>functionaltestplugin.FunctionalTestException: Expected HTTP status [204] but was [404]<pre>junit.framework.AssertionFailedError: functionaltestplugin.FunctionalTestException: Expected HTTP status [204] but was [404]
	at functionaltestplugin.FunctionalTestCase.invokeMethod(FunctionalTestCase.groovy:196)
	at processotap.ProcessoTests.testRemove(ProcessoTests.groovy:63)
</pre>
</td><td>0.041</td>
</tr>
</table>
<div class="Properties">
<a href="javascript:displayProperties('processotap.ProcessoTests');">
                    Properties &raquo;
                </a>
</div>
<div class="Properties">
<a href="./0_ProcessoTests-out.txt">
                        System.out &raquo;
                    </a>
</div>
<div class="Properties">
<a href="./0_ProcessoTests-err.txt">
                        System.err &raquo;
                    </a>
</div>
</body>
</html>
