Testsuite: processotap.ProcessoTests
Tests run: 2, Failures: 1, Errors: 0, Time elapsed: 2,897 sec
------------- Standard Output ---------------
--Output from testProcessoCriacao--


>>>>>>>>>>>>>>>>>>>> Making request to /processo using method POST >>>>>>>>>>>>>>>>>>>>
Initializing web request settings for http://localhost:8080/processotap/processo
Request parameters:
========================================
========================================
Request headers:
========================================
Accept-Language: en
Content-Type: text/json
Accept: */*
========================================
Content of web window [TopLevelWindow[name=""]] changed
<<<<<<<<<<<<<<<<<<<< Received response from POST http://localhost:8080/processotap/processo <<<<<<<<<<<<<<<<<<<<
Response was 201 'Created', headers:
========================================
Server: Apache-Coyote/1.1
Content-Type: application/json;charset=UTF-8
Transfer-Encoding: chunked
Date: Sat, 10 Dec 2011 05:03:32 GMT
========================================
Content
========================================
{"class":"processotap.Processo","id":1,"autor":"Georgenes","decisao":"procedente","descricao":"o processo tal e tal","documentos":null,"numero":1,"reu":"Joao Bruno"}
========================================

#--Output from testProcessoGet--


>>>>>>>>>>>>>>>>>>>> Making request to /processo using method GET >>>>>>>>>>>>>>>>>>>>
Initializing web request settings for http://localhost:8080/processotap/processo
Request parameters:
========================================
========================================
Request headers:
========================================
Accept-Language: en
Accept: */*
========================================
Content of web window [TopLevelWindow[name=""]] changed
<<<<<<<<<<<<<<<<<<<< Received response from GET http://localhost:8080/processotap/processo <<<<<<<<<<<<<<<<<<<<
Response was 200 'OK', headers:
========================================
Server: Apache-Coyote/1.1
Content-Type: application/json;charset=UTF-8
Transfer-Encoding: chunked
Date: Sat, 10 Dec 2011 05:03:32 GMT
========================================
Content
========================================
[{"class":"processotap.Processo","id":1,"autor":"Georgenes","decisao":"procedente","descricao":"o processo tal e tal","documentos":[],"numero":1,"reu":"Joao Bruno"}]
========================================

#
Failed: null expected:<[[]]> but was:<[[{"class":"processotap.processo","id":1,"autor":"georgenes","decisao":"procedente","descricao":"oprocessotaletal","documentos":[],"numero":1,"reu":"joaobruno"}]]>

Failed: null expected:<[[]]> but was:<[[{"class":"processotap.processo","id":1,"autor":"georgenes","decisao":"procedente","descricao":"oprocessotaletal","documentos":[],"numero":1,"reu":"joaobruno"}]]>
URL: http://localhost:8080/processotap/processo

------------- ---------------- ---------------
------------- Standard Error -----------------
--Output from testProcessoCriacao--
--Output from testProcessoGet--
------------- ---------------- ---------------

Testcase: testProcessoCriacao took 2,684 sec
Testcase: testProcessoGet took 0,191 sec
	FAILED
functionaltestplugin.FunctionalTestException: null expected:<[[]]> but was:<[[{"class":"processotap.processo","id":1,"autor":"georgenes","decisao":"procedente","descricao":"oprocessotaletal","documentos":[],"numero":1,"reu":"joaobruno"}]]>
junit.framework.AssertionFailedError: functionaltestplugin.FunctionalTestException: null expected:<[[]]> but was:<[[{"class":"processotap.processo","id":1,"autor":"georgenes","decisao":"procedente","descricao":"oprocessotaletal","documentos":[],"numero":1,"reu":"joaobruno"}]]>
	at functionaltestplugin.FunctionalTestCase.invokeMethod(FunctionalTestCase.groovy:196)
	at processotap.ProcessoTests.testProcessoGet(ProcessoTests.groovy:11)

