<html xmlns:stringutils="xalan://org.apache.tools.ant.util.StringUtils" xmlns:lxslt="http://xml.apache.org/xslt">
<head>
<META http-equiv="Content-Type" content="text/html; charset=US-ASCII">
<title>Unit Test Results: All Failures</title>
<link title="Style" type="text/css" rel="stylesheet" href="stylesheet.css">
</head>
<body onload="open('allclasses-frame.html','classListFrame')">
<h1>Unit Test Results.</h1>
<table width="100%">
<tr>
<td align="left"></td><td align="right">Designed for use with <a href="http://www.junit.org/">JUnit</a> and <a href="http://ant.apache.org/">Ant</a>.</td>
</tr>
</table>
<hr size="1">
<h2>All Failures</h2>
<table width="95%" cellspacing="2" cellpadding="5" border="0" class="details">
<tr valign="top">
<th>Class</th><th>Name</th><th>Status</th><th width="80%">Type</th><th nowrap>Time(s)</th>
</tr>
<tr valign="top" class="Failure">
<td><a href="processotap/0_ProcessoTests.html">ProcessoTests</a></td><td><a name="testProcessoCriacao"></a><a href="processotap/0_ProcessoTests.html#testProcessoCriacao">testProcessoCriacao</a></td><td>Failure</td><td>functionaltestplugin.FunctionalTestException: Expected HTTP status [201] but was [500]<pre>junit.framework.AssertionFailedError: functionaltestplugin.FunctionalTestException: Expected HTTP status [201] but was [500]
	at functionaltestplugin.FunctionalTestCase.invokeMethod(FunctionalTestCase.groovy:196)
	at processotap.ProcessoTests.testProcessoCriacao(ProcessoTests.groovy:20)
</pre>
</td><td>2.762</td>
</tr>
<tr valign="top" class="Failure">
<td><a href="processotap/0_ProcessoTests.html">ProcessoTests</a></td><td><a name="testAfterPostGet"></a><a href="processotap/0_ProcessoTests.html#testAfterPostGet">testAfterPostGet</a></td><td>Failure</td><td>functionaltestplugin.FunctionalTestException: null expected:&lt;[[{"class":"processotap.documento","id":1,"nome":"designpatterns"},{"class":"processotap.documento","id":2,"nome":"georgenes"}]]&gt; but was:&lt;[[]]&gt;<pre>junit.framework.AssertionFailedError: functionaltestplugin.FunctionalTestException: null expected:&lt;[[{"class":"processotap.documento","id":1,"nome":"designpatterns"},{"class":"processotap.documento","id":2,"nome":"georgenes"}]]&gt; but was:&lt;[[]]&gt;
	at functionaltestplugin.FunctionalTestCase.invokeMethod(FunctionalTestCase.groovy:196)
	at processotap.ProcessoTests.testAfterPostGet(ProcessoTests.groovy:55)
</pre>
</td><td>0.050</td>
</tr>
<tr valign="top" class="Failure">
<td><a href="processotap/0_ProcessoTests.html">ProcessoTests</a></td><td><a name="testAlteracao"></a><a href="processotap/0_ProcessoTests.html#testAlteracao">testAlteracao</a></td><td>Failure</td><td>functionaltestplugin.FunctionalTestException: Expected HTTP status [200] but was [500]<pre>junit.framework.AssertionFailedError: functionaltestplugin.FunctionalTestException: Expected HTTP status [200] but was [500]
	at functionaltestplugin.FunctionalTestCase.invokeMethod(FunctionalTestCase.groovy:196)
	at processotap.ProcessoTests.testAlteracao(ProcessoTests.groovy:79)
</pre>
</td><td>0.070</td>
</tr>
<tr valign="top" class="Failure">
<td><a href="processotap/0_ProcessoTests.html">ProcessoTests</a></td><td><a name="test2Criacao"></a><a href="processotap/0_ProcessoTests.html#test2Criacao">test2Criacao</a></td><td>Failure</td><td>functionaltestplugin.FunctionalTestException: Expected HTTP status [201] but was [500]<pre>junit.framework.AssertionFailedError: functionaltestplugin.FunctionalTestException: Expected HTTP status [201] but was [500]
	at functionaltestplugin.FunctionalTestCase.invokeMethod(FunctionalTestCase.groovy:196)
	at processotap.ProcessoTests.test2Criacao(ProcessoTests.groovy:47)
</pre>
</td><td>0.116</td>
</tr>
<tr valign="top" class="Failure">
<td><a href="processotap/0_ProcessoTests.html">ProcessoTests</a></td><td><a name="testCriacao"></a><a href="processotap/0_ProcessoTests.html#testCriacao">testCriacao</a></td><td>Failure</td><td>functionaltestplugin.FunctionalTestException: Expected HTTP status [201] but was [500]<pre>junit.framework.AssertionFailedError: functionaltestplugin.FunctionalTestException: Expected HTTP status [201] but was [500]
	at functionaltestplugin.FunctionalTestCase.invokeMethod(FunctionalTestCase.groovy:196)
	at processotap.ProcessoTests.testCriacao(ProcessoTests.groovy:37)
</pre>
</td><td>0.055</td>
</tr>
<tr valign="top" class="Failure">
<td><a href="processotap/0_ProcessoTests.html">ProcessoTests</a></td><td><a name="testRemove"></a><a href="processotap/0_ProcessoTests.html#testRemove">testRemove</a></td><td>Failure</td><td>functionaltestplugin.FunctionalTestException: Expected HTTP status [204] but was [404]<pre>junit.framework.AssertionFailedError: functionaltestplugin.FunctionalTestException: Expected HTTP status [204] but was [404]
	at functionaltestplugin.FunctionalTestCase.invokeMethod(FunctionalTestCase.groovy:196)
	at processotap.ProcessoTests.testRemove(ProcessoTests.groovy:63)
</pre>
</td><td>0.041</td>
</tr>
</table>
</body>
</html>
